0 info it worked if it ends with ok
1 verbose cli [ '/usr/bin/nodejs',
1 verbose cli   '/usr/bin/npm',
1 verbose cli   'install',
1 verbose cli   'ion-datetime-picker',
1 verbose cli   '--save' ]
2 info using npm@3.5.2
3 info using node@v4.2.6
4 silly loadCurrentTree Starting
5 silly install loadCurrentTree
6 silly install readLocalPackageData
7 silly fetchPackageMetaData ion-datetime-picker
8 silly fetchNamedPackageData ion-datetime-picker
9 silly mapToRegistry name ion-datetime-picker
10 silly mapToRegistry using default registry
11 silly mapToRegistry registry https://registry.npmjs.org/
12 silly mapToRegistry uri https://registry.npmjs.org/ion-datetime-picker
13 verbose request uri https://registry.npmjs.org/ion-datetime-picker
14 verbose request no auth needed
15 info attempt registry request try #1 at 5:55:04 p.m.
16 verbose request id 51237562d0eed2bb
17 http request GET https://registry.npmjs.org/ion-datetime-picker
18 http 200 https://registry.npmjs.org/ion-datetime-picker
19 verbose headers { server: 'nginx/1.10.1',
19 verbose headers   'content-type': 'application/json',
19 verbose headers   'last-modified': 'Fri, 25 Nov 2016 13:20:19 GMT',
19 verbose headers   etag: 'W/"58383a93-19c"',
19 verbose headers   'content-encoding': 'gzip',
19 verbose headers   'cache-control': 'max-age=300',
19 verbose headers   'content-length': '241',
19 verbose headers   'accept-ranges': 'bytes',
19 verbose headers   date: 'Thu, 01 Dec 2016 23:55:05 GMT',
19 verbose headers   via: '1.1 varnish',
19 verbose headers   age: '0',
19 verbose headers   connection: 'keep-alive',
19 verbose headers   'x-served-by': 'cache-lax8620-LAX',
19 verbose headers   'x-cache': 'MISS',
19 verbose headers   'x-cache-hits': '0',
19 verbose headers   'x-timer': 'S1480636505.419446,VS0,VE204',
19 verbose headers   vary: 'Accept-Encoding' }
20 silly get cb [ 200,
20 silly get   { server: 'nginx/1.10.1',
20 silly get     'content-type': 'application/json',
20 silly get     'last-modified': 'Fri, 25 Nov 2016 13:20:19 GMT',
20 silly get     etag: 'W/"58383a93-19c"',
20 silly get     'content-encoding': 'gzip',
20 silly get     'cache-control': 'max-age=300',
20 silly get     'content-length': '241',
20 silly get     'accept-ranges': 'bytes',
20 silly get     date: 'Thu, 01 Dec 2016 23:55:05 GMT',
20 silly get     via: '1.1 varnish',
20 silly get     age: '0',
20 silly get     connection: 'keep-alive',
20 silly get     'x-served-by': 'cache-lax8620-LAX',
20 silly get     'x-cache': 'MISS',
20 silly get     'x-cache-hits': '0',
20 silly get     'x-timer': 'S1480636505.419446,VS0,VE204',
20 silly get     vary: 'Accept-Encoding' } ]
21 verbose get saving ion-datetime-picker to /home/juan/.npm/registry.npmjs.org/ion-datetime-picker/.cache.json
22 verbose stack TypeError: Cannot convert undefined or null to object
22 verbose stack     at Function.keys (native)
22 verbose stack     at pickVersionFromRegistryDocument (/usr/share/npm/lib/fetch-package-metadata.js:121:29)
22 verbose stack     at /usr/share/npm/node_modules/iferr/index.js:13:50
22 verbose stack     at /usr/share/npm/lib/utils/pulse-till-done.js:19:8
22 verbose stack     at saved (/usr/share/npm/lib/cache/caching-client.js:168:7)
22 verbose stack     at /usr/share/npm/node_modules/graceful-fs/polyfills.js:210:7
22 verbose stack     at FSReqWrap.oncomplete (fs.js:82:15)
23 verbose cwd /home/juan/Documentos/Ionic-Proyects/app-toolkit
24 error Linux 4.4.0-47-generic
25 error argv "/usr/bin/nodejs" "/usr/bin/npm" "install" "ion-datetime-picker" "--save"
26 error node v4.2.6
27 error npm  v3.5.2
28 error Cannot convert undefined or null to object
29 error If you need help, you may report this error at:
29 error     <https://github.com/npm/npm/issues>
30 verbose exit [ 1, true ]
